<?xml version="1.0" encoding="UTF-8"?>
<!-- Generated by org.testng.reporters.JUnitReportReporter -->
<testsuite skipped="0" hostname="HariDarshana" name="testCases.TestCase" tests="1" failures="0" timestamp="2023-04-10T11:06:23 CDT" time="5.921" errors="0">
  <testcase name="loginTestCase" time="5.921" classname="testCases.TestCase"/>
  <system-out/>
</testsuite> <!-- testCases.TestCase -->
